Wed Mar 20 22:28:25 [initandlisten] MongoDB starting : pid=5445 port=27017 dbpath=/var/lib/mongodb 32-bit host=martin-900HD
Wed Mar 20 22:28:25 [initandlisten] 
Wed Mar 20 22:28:25 [initandlisten] ** NOTE: when using MongoDB 32 bit, you are limited to about 2 gigabytes of data
Wed Mar 20 22:28:25 [initandlisten] **       see http://blog.mongodb.org/post/137788967/32-bit-limitations
Wed Mar 20 22:28:25 [initandlisten] **       with --journal, the limit is lower
Wed Mar 20 22:28:25 [initandlisten] 
Wed Mar 20 22:28:25 [initandlisten] db version v2.0.4, pdfile version 4.5
Wed Mar 20 22:28:25 [initandlisten] git version: nogitversion
Wed Mar 20 22:28:25 [initandlisten] build info: Linux roseapple 2.6.24-28-server #1 SMP Wed Aug 18 21:17:51 UTC 2010 i686 BOOST_LIB_VERSION=1_46_1
Wed Mar 20 22:28:25 [initandlisten] options: { bind_ip: "127.0.0.1", command: [ "run" ], config: "mongodb.conf", dbpath: "/var/lib/mongodb", journal: "true", logappend: "true", logpath: "./log/mongodb/mongodb.log" }
Wed Mar 20 22:28:25 [initandlisten] exception in initAndListen: 10309 Unable to create/open lock file: /var/lib/mongodb/mongod.lock errno:13 Permission denied Is a mongod instance already running?, terminating
Wed Mar 20 22:28:25 dbexit: 
Wed Mar 20 22:28:25 [initandlisten] shutdown: going to close listening sockets...
Wed Mar 20 22:28:25 [initandlisten] shutdown: going to flush diaglog...
Wed Mar 20 22:28:25 [initandlisten] shutdown: going to close sockets...
Wed Mar 20 22:28:25 [initandlisten] shutdown: waiting for fs preallocator...
Wed Mar 20 22:28:25 [initandlisten] shutdown: lock for final commit...
Wed Mar 20 22:28:25 [initandlisten] shutdown: final commit...
Wed Mar 20 22:28:25 [initandlisten] shutdown: closing all files...
Wed Mar 20 22:28:25 [initandlisten] closeAllFiles() finished
Wed Mar 20 22:28:25 [initandlisten] shutdown: removing fs lock...
Wed Mar 20 22:28:25 [initandlisten] couldn't remove fs lock errno:9 Bad file descriptor
Wed Mar 20 22:28:25 dbexit: really exiting now
